This is pdfTeX, Version 3.14159265-2.6-1.40.15 (TeX Live 2014) (preloaded format=pdflatex 2014.9.2)  9 MAR 2015 12:57
entering extended mode
 restricted \write18 enabled.
 file:line:error style messages enabled.
 %&-line parsing enabled.
**MasterThesisWiskunde_FilipMoons
(./MasterThesisWiskunde_FilipMoons.tex
LaTeX2e <2014/05/01>
Babel <3.9k> and hyphenation patterns for 78 languages loaded.
(/usr/local/texlive/2014/texmf-dist/tex/latex/base/report.cls
Document Class: report 2007/10/19 v1.4h Standard LaTeX document class
(/usr/local/texlive/2014/texmf-dist/tex/latex/base/size11.clo
File: size11.clo 2007/10/19 v1.4h Standard LaTeX file (size option)
)
\c@part=\count79
\c@chapter=\count80
\c@section=\count81
\c@subsection=\count82
\c@subsubsection=\count83
\c@paragraph=\count84
\c@subparagraph=\count85
\c@figure=\count86
\c@table=\count87
\abovecaptionskip=\skip41
\belowcaptionskip=\skip42
\bibindent=\dimen102
)
(/usr/local/texlive/2014/texmf-dist/tex/latex/a4wide/a4wide.sty
Package: a4wide 1994/08/30

(/usr/local/texlive/2014/texmf-dist/tex/latex/ntgclass/a4.sty
Package: a4 2004/04/15 v1.2g A4 based page layout
))
(/usr/local/texlive/2014/texmf-dist/tex/latex/pgf/frontendlayer/tikz.sty
(/usr/local/texlive/2014/texmf-dist/tex/latex/pgf/basiclayer/pgf.sty
(/usr/local/texlive/2014/texmf-dist/tex/latex/pgf/utilities/pgfrcs.sty
(/usr/local/texlive/2014/texmf-dist/tex/generic/pgf/utilities/pgfutil-common.te
x
\pgfutil@everybye=\toks14
\pgfutil@tempdima=\dimen103
\pgfutil@tempdimb=\dimen104

(/usr/local/texlive/2014/texmf-dist/tex/generic/pgf/utilities/pgfutil-common-li
sts.tex))
(/usr/local/texlive/2014/texmf-dist/tex/generic/pgf/utilities/pgfutil-latex.def
\pgfutil@abb=\box26
(/usr/local/texlive/2014/texmf-dist/tex/latex/ms/everyshi.sty
Package: everyshi 2001/05/15 v3.00 EveryShipout Package (MS)
))
(/usr/local/texlive/2014/texmf-dist/tex/generic/pgf/utilities/pgfrcs.code.tex
Package: pgfrcs 2013/12/20 v3.0.0 (rcs-revision 1.28)
))
Package: pgf 2013/12/18 v3.0.0 (rcs-revision 1.14)
(/usr/local/texlive/2014/texmf-dist/tex/latex/pgf/basiclayer/pgfcore.sty
(/usr/local/texlive/2014/texmf-dist/tex/latex/graphics/graphicx.sty
Package: graphicx 2014/04/25 v1.0g Enhanced LaTeX Graphics (DPC,SPQR)

(/usr/local/texlive/2014/texmf-dist/tex/latex/graphics/keyval.sty
Package: keyval 2014/05/08 v1.15 key=value parser (DPC)
\KV@toks@=\toks15
)
(/usr/local/texlive/2014/texmf-dist/tex/latex/graphics/graphics.sty
Package: graphics 2009/02/05 v1.0o Standard LaTeX Graphics (DPC,SPQR)

(/usr/local/texlive/2014/texmf-dist/tex/latex/graphics/trig.sty
Package: trig 1999/03/16 v1.09 sin cos tan (DPC)
)
(/usr/local/texlive/2014/texmf-dist/tex/latex/latexconfig/graphics.cfg
File: graphics.cfg 2010/04/23 v1.9 graphics configuration of TeX Live
)
Package graphics Info: Driver file: pdftex.def on input line 91.

(/usr/local/texlive/2014/texmf-dist/tex/latex/pdftex-def/pdftex.def
File: pdftex.def 2011/05/27 v0.06d Graphics/color for pdfTeX

(/usr/local/texlive/2014/texmf-dist/tex/generic/oberdiek/infwarerr.sty
Package: infwarerr 2010/04/08 v1.3 Providing info/warning/error messages (HO)
)
(/usr/local/texlive/2014/texmf-dist/tex/generic/oberdiek/ltxcmds.sty
Package: ltxcmds 2011/11/09 v1.22 LaTeX kernel commands for general use (HO)
)
\Gread@gobject=\count88
))
\Gin@req@height=\dimen105
\Gin@req@width=\dimen106
)
(/usr/local/texlive/2014/texmf-dist/tex/latex/pgf/systemlayer/pgfsys.sty
(/usr/local/texlive/2014/texmf-dist/tex/generic/pgf/systemlayer/pgfsys.code.tex
Package: pgfsys 2013/11/30 v3.0.0 (rcs-revision 1.47)
(/usr/local/texlive/2014/texmf-dist/tex/generic/pgf/utilities/pgfkeys.code.tex
\pgfkeys@pathtoks=\toks16
\pgfkeys@temptoks=\toks17

(/usr/local/texlive/2014/texmf-dist/tex/generic/pgf/utilities/pgfkeysfiltered.c
ode.tex
\pgfkeys@tmptoks=\toks18
))
\pgf@x=\dimen107
\pgf@y=\dimen108
\pgf@xa=\dimen109
\pgf@ya=\dimen110
\pgf@xb=\dimen111
\pgf@yb=\dimen112
\pgf@xc=\dimen113
\pgf@yc=\dimen114
\w@pgf@writea=\write3
\r@pgf@reada=\read1
\c@pgf@counta=\count89
\c@pgf@countb=\count90
\c@pgf@countc=\count91
\c@pgf@countd=\count92
\t@pgf@toka=\toks19
\t@pgf@tokb=\toks20
\t@pgf@tokc=\toks21

(/usr/local/texlive/2014/texmf-dist/tex/generic/pgf/systemlayer/pgf.cfg
File: pgf.cfg 2008/05/14  (rcs-revision 1.7)
)
Driver file for pgf: pgfsys-pdftex.def

(/usr/local/texlive/2014/texmf-dist/tex/generic/pgf/systemlayer/pgfsys-pdftex.d
ef
File: pgfsys-pdftex.def 2013/07/18  (rcs-revision 1.33)

(/usr/local/texlive/2014/texmf-dist/tex/generic/pgf/systemlayer/pgfsys-common-p
df.def
File: pgfsys-common-pdf.def 2013/10/10  (rcs-revision 1.13)
)))
(/usr/local/texlive/2014/texmf-dist/tex/generic/pgf/systemlayer/pgfsyssoftpath.
code.tex
File: pgfsyssoftpath.code.tex 2013/09/09  (rcs-revision 1.9)
\pgfsyssoftpath@smallbuffer@items=\count93
\pgfsyssoftpath@bigbuffer@items=\count94
)
(/usr/local/texlive/2014/texmf-dist/tex/generic/pgf/systemlayer/pgfsysprotocol.
code.tex
File: pgfsysprotocol.code.tex 2006/10/16  (rcs-revision 1.4)
)) (/usr/local/texlive/2014/texmf-dist/tex/latex/xcolor/xcolor.sty
Package: xcolor 2007/01/21 v2.11 LaTeX color extensions (UK)

(/usr/local/texlive/2014/texmf-dist/tex/latex/latexconfig/color.cfg
File: color.cfg 2007/01/18 v1.5 color configuration of teTeX/TeXLive
)
Package xcolor Info: Driver file: pdftex.def on input line 225.
Package xcolor Info: Model `cmy' substituted by `cmy0' on input line 1337.
Package xcolor Info: Model `hsb' substituted by `rgb' on input line 1341.
Package xcolor Info: Model `RGB' extended on input line 1353.
Package xcolor Info: Model `HTML' substituted by `rgb' on input line 1355.
Package xcolor Info: Model `Hsb' substituted by `hsb' on input line 1356.
Package xcolor Info: Model `tHsb' substituted by `hsb' on input line 1357.
Package xcolor Info: Model `HSB' substituted by `hsb' on input line 1358.
Package xcolor Info: Model `Gray' substituted by `gray' on input line 1359.
Package xcolor Info: Model `wave' substituted by `hsb' on input line 1360.
)
(/usr/local/texlive/2014/texmf-dist/tex/generic/pgf/basiclayer/pgfcore.code.tex
Package: pgfcore 2010/04/11 v3.0.0 (rcs-revision 1.7)
(/usr/local/texlive/2014/texmf-dist/tex/generic/pgf/math/pgfmath.code.tex
(/usr/local/texlive/2014/texmf-dist/tex/generic/pgf/math/pgfmathcalc.code.tex
(/usr/local/texlive/2014/texmf-dist/tex/generic/pgf/math/pgfmathutil.code.tex)
(/usr/local/texlive/2014/texmf-dist/tex/generic/pgf/math/pgfmathparser.code.tex
\pgfmath@dimen=\dimen115
\pgfmath@count=\count95
\pgfmath@box=\box27
\pgfmath@toks=\toks22
\pgfmath@stack@operand=\toks23
\pgfmath@stack@operation=\toks24
)
(/usr/local/texlive/2014/texmf-dist/tex/generic/pgf/math/pgfmathfunctions.code.
tex
(/usr/local/texlive/2014/texmf-dist/tex/generic/pgf/math/pgfmathfunctions.basic
.code.tex)
(/usr/local/texlive/2014/texmf-dist/tex/generic/pgf/math/pgfmathfunctions.trigo
nometric.code.tex)
(/usr/local/texlive/2014/texmf-dist/tex/generic/pgf/math/pgfmathfunctions.rando
m.code.tex)
(/usr/local/texlive/2014/texmf-dist/tex/generic/pgf/math/pgfmathfunctions.compa
rison.code.tex)
(/usr/local/texlive/2014/texmf-dist/tex/generic/pgf/math/pgfmathfunctions.base.
code.tex)
(/usr/local/texlive/2014/texmf-dist/tex/generic/pgf/math/pgfmathfunctions.round
.code.tex)
(/usr/local/texlive/2014/texmf-dist/tex/generic/pgf/math/pgfmathfunctions.misc.
code.tex)
(/usr/local/texlive/2014/texmf-dist/tex/generic/pgf/math/pgfmathfunctions.integ
erarithmetics.code.tex)))
(/usr/local/texlive/2014/texmf-dist/tex/generic/pgf/math/pgfmathfloat.code.tex
\c@pgfmathroundto@lastzeros=\count96
))
(/usr/local/texlive/2014/texmf-dist/tex/generic/pgf/basiclayer/pgfcorepoints.co
de.tex
File: pgfcorepoints.code.tex 2013/10/07  (rcs-revision 1.27)
\pgf@picminx=\dimen116
\pgf@picmaxx=\dimen117
\pgf@picminy=\dimen118
\pgf@picmaxy=\dimen119
\pgf@pathminx=\dimen120
\pgf@pathmaxx=\dimen121
\pgf@pathminy=\dimen122
\pgf@pathmaxy=\dimen123
\pgf@xx=\dimen124
\pgf@xy=\dimen125
\pgf@yx=\dimen126
\pgf@yy=\dimen127
\pgf@zx=\dimen128
\pgf@zy=\dimen129
)
(/usr/local/texlive/2014/texmf-dist/tex/generic/pgf/basiclayer/pgfcorepathconst
ruct.code.tex
File: pgfcorepathconstruct.code.tex 2013/10/07  (rcs-revision 1.29)
\pgf@path@lastx=\dimen130
\pgf@path@lasty=\dimen131
)
(/usr/local/texlive/2014/texmf-dist/tex/generic/pgf/basiclayer/pgfcorepathusage
.code.tex
File: pgfcorepathusage.code.tex 2013/12/13  (rcs-revision 1.23)
\pgf@shorten@end@additional=\dimen132
\pgf@shorten@start@additional=\dimen133
)
(/usr/local/texlive/2014/texmf-dist/tex/generic/pgf/basiclayer/pgfcorescopes.co
de.tex
File: pgfcorescopes.code.tex 2013/10/09  (rcs-revision 1.44)
\pgfpic=\box28
\pgf@hbox=\box29
\pgf@layerbox@main=\box30
\pgf@picture@serial@count=\count97
)
(/usr/local/texlive/2014/texmf-dist/tex/generic/pgf/basiclayer/pgfcoregraphicst
ate.code.tex
File: pgfcoregraphicstate.code.tex 2013/09/19  (rcs-revision 1.11)
\pgflinewidth=\dimen134
)
(/usr/local/texlive/2014/texmf-dist/tex/generic/pgf/basiclayer/pgfcoretransform
ations.code.tex
File: pgfcoretransformations.code.tex 2013/10/10  (rcs-revision 1.17)
\pgf@pt@x=\dimen135
\pgf@pt@y=\dimen136
\pgf@pt@temp=\dimen137
)
(/usr/local/texlive/2014/texmf-dist/tex/generic/pgf/basiclayer/pgfcorequick.cod
e.tex
File: pgfcorequick.code.tex 2008/10/09  (rcs-revision 1.3)
)
(/usr/local/texlive/2014/texmf-dist/tex/generic/pgf/basiclayer/pgfcoreobjects.c
ode.tex
File: pgfcoreobjects.code.tex 2006/10/11  (rcs-revision 1.2)
)
(/usr/local/texlive/2014/texmf-dist/tex/generic/pgf/basiclayer/pgfcorepathproce
ssing.code.tex
File: pgfcorepathprocessing.code.tex 2013/09/09  (rcs-revision 1.9)
)
(/usr/local/texlive/2014/texmf-dist/tex/generic/pgf/basiclayer/pgfcorearrows.co
de.tex
File: pgfcorearrows.code.tex 2013/11/07  (rcs-revision 1.40)
\pgfarrowsep=\dimen138
)
(/usr/local/texlive/2014/texmf-dist/tex/generic/pgf/basiclayer/pgfcoreshade.cod
e.tex
File: pgfcoreshade.code.tex 2013/07/15  (rcs-revision 1.15)
\pgf@max=\dimen139
\pgf@sys@shading@range@num=\count98
)
(/usr/local/texlive/2014/texmf-dist/tex/generic/pgf/basiclayer/pgfcoreimage.cod
e.tex
File: pgfcoreimage.code.tex 2013/07/15  (rcs-revision 1.18)

(/usr/local/texlive/2014/texmf-dist/tex/generic/pgf/basiclayer/pgfcoreexternal.
code.tex
File: pgfcoreexternal.code.tex 2013/07/15  (rcs-revision 1.20)
\pgfexternal@startupbox=\box31
))
(/usr/local/texlive/2014/texmf-dist/tex/generic/pgf/basiclayer/pgfcorelayers.co
de.tex
File: pgfcorelayers.code.tex 2013/07/18  (rcs-revision 1.7)
)
(/usr/local/texlive/2014/texmf-dist/tex/generic/pgf/basiclayer/pgfcoretranspare
ncy.code.tex
File: pgfcoretransparency.code.tex 2013/09/30  (rcs-revision 1.5)
)
(/usr/local/texlive/2014/texmf-dist/tex/generic/pgf/basiclayer/pgfcorepatterns.
code.tex
File: pgfcorepatterns.code.tex 2013/11/07  (rcs-revision 1.5)
)))
(/usr/local/texlive/2014/texmf-dist/tex/generic/pgf/modules/pgfmoduleshapes.cod
e.tex
File: pgfmoduleshapes.code.tex 2013/10/31  (rcs-revision 1.34)
\pgfnodeparttextbox=\box32
)
(/usr/local/texlive/2014/texmf-dist/tex/generic/pgf/modules/pgfmoduleplot.code.
tex
File: pgfmoduleplot.code.tex 2013/07/31  (rcs-revision 1.12)
)
(/usr/local/texlive/2014/texmf-dist/tex/latex/pgf/compatibility/pgfcomp-version
-0-65.sty
Package: pgfcomp-version-0-65 2007/07/03 v3.0.0 (rcs-revision 1.7)
\pgf@nodesepstart=\dimen140
\pgf@nodesepend=\dimen141
)
(/usr/local/texlive/2014/texmf-dist/tex/latex/pgf/compatibility/pgfcomp-version
-1-18.sty
Package: pgfcomp-version-1-18 2007/07/23 v3.0.0 (rcs-revision 1.1)
))
(/usr/local/texlive/2014/texmf-dist/tex/latex/pgf/utilities/pgffor.sty
(/usr/local/texlive/2014/texmf-dist/tex/latex/pgf/utilities/pgfkeys.sty
(/usr/local/texlive/2014/texmf-dist/tex/generic/pgf/utilities/pgfkeys.code.tex)
) (/usr/local/texlive/2014/texmf-dist/tex/latex/pgf/math/pgfmath.sty
(/usr/local/texlive/2014/texmf-dist/tex/generic/pgf/math/pgfmath.code.tex))
(/usr/local/texlive/2014/texmf-dist/tex/generic/pgf/utilities/pgffor.code.tex
Package: pgffor 2013/12/13 v3.0.0 (rcs-revision 1.25)

(/usr/local/texlive/2014/texmf-dist/tex/generic/pgf/math/pgfmath.code.tex)
\pgffor@iter=\dimen142
\pgffor@skip=\dimen143
\pgffor@stack=\toks25
\pgffor@toks=\toks26
))
(/usr/local/texlive/2014/texmf-dist/tex/generic/pgf/frontendlayer/tikz/tikz.cod
e.tex
Package: tikz 2013/12/13 v3.0.0 (rcs-revision 1.142)

(/usr/local/texlive/2014/texmf-dist/tex/generic/pgf/libraries/pgflibraryplothan
dlers.code.tex
File: pgflibraryplothandlers.code.tex 2013/08/31 v3.0.0 (rcs-revision 1.20)
\pgf@plot@mark@count=\count99
\pgfplotmarksize=\dimen144
)
\tikz@lastx=\dimen145
\tikz@lasty=\dimen146
\tikz@lastxsaved=\dimen147
\tikz@lastysaved=\dimen148
\tikzleveldistance=\dimen149
\tikzsiblingdistance=\dimen150
\tikz@figbox=\box33
\tikz@figbox@bg=\box34
\tikz@tempbox=\box35
\tikz@tempbox@bg=\box36
\tikztreelevel=\count100
\tikznumberofchildren=\count101
\tikznumberofcurrentchild=\count102
\tikz@fig@count=\count103

(/usr/local/texlive/2014/texmf-dist/tex/generic/pgf/modules/pgfmodulematrix.cod
e.tex
File: pgfmodulematrix.code.tex 2013/09/17  (rcs-revision 1.8)
\pgfmatrixcurrentrow=\count104
\pgfmatrixcurrentcolumn=\count105
\pgf@matrix@numberofcolumns=\count106
)
\tikz@expandcount=\count107

(/usr/local/texlive/2014/texmf-dist/tex/generic/pgf/frontendlayer/tikz/librarie
s/tikzlibrarytopaths.code.tex
File: tikzlibrarytopaths.code.tex 2008/06/17 v3.0.0 (rcs-revision 1.2)
)))
(/usr/local/texlive/2014/texmf-dist/tex/generic/pgf/frontendlayer/tikz/librarie
s/tikzlibraryarrows.code.tex
File: tikzlibraryarrows.code.tex 2008/01/09 v3.0.0 (rcs-revision 1.1)

(/usr/local/texlive/2014/texmf-dist/tex/generic/pgf/libraries/pgflibraryarrows.
code.tex
File: pgflibraryarrows.code.tex 2013/09/23 v3.0.0 (rcs-revision 1.16)
\arrowsize=\dimen151
)) (/usr/local/texlive/2014/texmf-dist/tex/latex/jknapltx/mathrsfs.sty
Package: mathrsfs 1996/01/01 Math RSFS package v1.0 (jk)
\symrsfs=\mathgroup4
) (/usr/local/texlive/2014/texmf-dist/tex/latex/tools/enumerate.sty
Package: enumerate 1999/03/05 v3.00 enumerate extensions (DPC)
\@enLab=\toks27
)
(/usr/local/texlive/2014/texmf-dist/tex/latex/amsmath/amsmath.sty
Package: amsmath 2013/01/14 v2.14 AMS math features
\@mathmargin=\skip43

For additional information on amsmath, use the `?' option.
(/usr/local/texlive/2014/texmf-dist/tex/latex/amsmath/amstext.sty
Package: amstext 2000/06/29 v2.01

(/usr/local/texlive/2014/texmf-dist/tex/latex/amsmath/amsgen.sty
File: amsgen.sty 1999/11/30 v2.0
\@emptytoks=\toks28
\ex@=\dimen152
))
(/usr/local/texlive/2014/texmf-dist/tex/latex/amsmath/amsbsy.sty
Package: amsbsy 1999/11/29 v1.2d
\pmbraise@=\dimen153
)
(/usr/local/texlive/2014/texmf-dist/tex/latex/amsmath/amsopn.sty
Package: amsopn 1999/12/14 v2.01 operator names
)
\inf@bad=\count108
LaTeX Info: Redefining \frac on input line 210.
\uproot@=\count109
\leftroot@=\count110
LaTeX Info: Redefining \overline on input line 306.
\classnum@=\count111
\DOTSCASE@=\count112
LaTeX Info: Redefining \ldots on input line 378.
LaTeX Info: Redefining \dots on input line 381.
LaTeX Info: Redefining \cdots on input line 466.
\Mathstrutbox@=\box37
\strutbox@=\box38
\big@size=\dimen154
LaTeX Font Info:    Redeclaring font encoding OML on input line 566.
LaTeX Font Info:    Redeclaring font encoding OMS on input line 567.
\macc@depth=\count113
\c@MaxMatrixCols=\count114
\dotsspace@=\muskip10
\c@parentequation=\count115
\dspbrk@lvl=\count116
\tag@help=\toks29
\row@=\count117
\column@=\count118
\maxfields@=\count119
\andhelp@=\toks30
\eqnshift@=\dimen155
\alignsep@=\dimen156
\tagshift@=\dimen157
\tagwidth@=\dimen158
\totwidth@=\dimen159
\lineht@=\dimen160
\@envbody=\toks31
\multlinegap=\skip44
\multlinetaggap=\skip45
\mathdisplay@stack=\toks32
LaTeX Info: Redefining \[ on input line 2665.
LaTeX Info: Redefining \] on input line 2666.
)
(/usr/local/texlive/2014/texmf-dist/tex/latex/amscls/amsthm.sty
Package: amsthm 2004/08/06 v2.20
\thm@style=\toks33
\thm@bodyfont=\toks34
\thm@headfont=\toks35
\thm@notefont=\toks36
\thm@headpunct=\toks37
\thm@preskip=\skip46
\thm@postskip=\skip47
\thm@headsep=\skip48
\dth@everypar=\toks38
)
(/usr/local/texlive/2014/texmf-dist/tex/latex/amsfonts/amssymb.sty
Package: amssymb 2013/01/14 v3.01 AMS font symbols

(/usr/local/texlive/2014/texmf-dist/tex/latex/amsfonts/amsfonts.sty
Package: amsfonts 2013/01/14 v3.01 Basic AMSFonts support
\symAMSa=\mathgroup5
\symAMSb=\mathgroup6
LaTeX Font Info:    Overwriting math alphabet `\mathfrak' in version `bold'
(Font)                  U/euf/m/n --> U/euf/b/n on input line 106.
))
(/usr/local/texlive/2014/texmf-dist/tex/latex/psnfss/times.sty
Package: times 2005/04/12 PSNFSS-v9.2a (SPQR) 
)
(/usr/local/texlive/2014/texmf-dist/tex/latex/caption/subcaption.sty
Package: subcaption 2013/02/03 v1.1-62 Sub-captions (AR)

(/usr/local/texlive/2014/texmf-dist/tex/latex/caption/caption.sty
Package: caption 2013/05/02 v3.3-89 Customizing captions (AR)

(/usr/local/texlive/2014/texmf-dist/tex/latex/caption/caption3.sty
Package: caption3 2013/05/02 v1.6-88 caption3 kernel (AR)
Package caption3 Info: TeX engine: e-TeX on input line 57.
\captionmargin=\dimen161
\captionmargin@=\dimen162
\captionwidth=\dimen163
\caption@tempdima=\dimen164
\caption@indent=\dimen165
\caption@parindent=\dimen166
\caption@hangindent=\dimen167
)
\c@ContinuedFloat=\count120
)
\c@subfigure=\count121
\c@subtable=\count122
)
(/usr/local/texlive/2014/texmf-dist/tex/generic/babel/babel.sty
Package: babel 2014/03/24 3.9k The Babel package

(/usr/local/texlive/2014/texmf-dist/tex/generic/babel-english/english.ldf
Language: english 2012/08/20 v3.3p English support from the babel system

(/usr/local/texlive/2014/texmf-dist/tex/generic/babel/babel.def
File: babel.def 2014/03/24 3.9k Babel common definitions
\babel@savecnt=\count123
\U@D=\dimen168
)
\l@canadian = a dialect from \language\l@american 
\l@australian = a dialect from \language\l@british 
\l@newzealand = a dialect from \language\l@british 
))
(./vubtitlepage.sty)
(/usr/local/texlive/2014/texmf-dist/tex/latex/lm/lmodern.sty
Package: lmodern 2009/10/30 v1.6 Latin Modern Fonts
LaTeX Font Info:    Overwriting symbol font `operators' in version `normal'
(Font)                  OT1/cmr/m/n --> OT1/lmr/m/n on input line 22.
LaTeX Font Info:    Overwriting symbol font `letters' in version `normal'
(Font)                  OML/cmm/m/it --> OML/lmm/m/it on input line 23.
LaTeX Font Info:    Overwriting symbol font `symbols' in version `normal'
(Font)                  OMS/cmsy/m/n --> OMS/lmsy/m/n on input line 24.
LaTeX Font Info:    Overwriting symbol font `largesymbols' in version `normal'
(Font)                  OMX/cmex/m/n --> OMX/lmex/m/n on input line 25.
LaTeX Font Info:    Overwriting symbol font `operators' in version `bold'
(Font)                  OT1/cmr/bx/n --> OT1/lmr/bx/n on input line 26.
LaTeX Font Info:    Overwriting symbol font `letters' in version `bold'
(Font)                  OML/cmm/b/it --> OML/lmm/b/it on input line 27.
LaTeX Font Info:    Overwriting symbol font `symbols' in version `bold'
(Font)                  OMS/cmsy/b/n --> OMS/lmsy/b/n on input line 28.
LaTeX Font Info:    Overwriting symbol font `largesymbols' in version `bold'
(Font)                  OMX/cmex/m/n --> OMX/lmex/m/n on input line 29.
LaTeX Font Info:    Overwriting math alphabet `\mathbf' in version `normal'
(Font)                  OT1/cmr/bx/n --> OT1/lmr/bx/n on input line 31.
LaTeX Font Info:    Overwriting math alphabet `\mathsf' in version `normal'
(Font)                  OT1/cmss/m/n --> OT1/lmss/m/n on input line 32.
LaTeX Font Info:    Overwriting math alphabet `\mathit' in version `normal'
(Font)                  OT1/cmr/m/it --> OT1/lmr/m/it on input line 33.
LaTeX Font Info:    Overwriting math alphabet `\mathtt' in version `normal'
(Font)                  OT1/cmtt/m/n --> OT1/lmtt/m/n on input line 34.
LaTeX Font Info:    Overwriting math alphabet `\mathbf' in version `bold'
(Font)                  OT1/cmr/bx/n --> OT1/lmr/bx/n on input line 35.
LaTeX Font Info:    Overwriting math alphabet `\mathsf' in version `bold'
(Font)                  OT1/cmss/bx/n --> OT1/lmss/bx/n on input line 36.
LaTeX Font Info:    Overwriting math alphabet `\mathit' in version `bold'
(Font)                  OT1/cmr/bx/it --> OT1/lmr/bx/it on input line 37.
LaTeX Font Info:    Overwriting math alphabet `\mathtt' in version `bold'
(Font)                  OT1/cmtt/m/n --> OT1/lmtt/m/n on input line 38.
)
(/usr/local/texlive/2014/texmf-dist/tex/latex/base/makeidx.sty
Package: makeidx 2000/03/29 v1.0m Standard LaTeX package
)
(/usr/local/texlive/2014/texmf-dist/tex/latex/ifsym/ifsym.sty
Package: ifsym 2000/04/18 I.Kloeckl

(/usr/local/texlive/2014/texmf-dist/tex/latex/tools/calc.sty
Package: calc 2007/08/22 v4.3 Infix arithmetic (KKT,FJ)
\calc@Acount=\count124
\calc@Bcount=\count125
\calc@Adimen=\dimen169
\calc@Bdimen=\dimen170
\calc@Askip=\skip49
\calc@Bskip=\skip50
LaTeX Info: Redefining \setlength on input line 75.
LaTeX Info: Redefining \addtolength on input line 76.
\calc@Ccount=\count126
\calc@Cskip=\skip51
)
\c@ifsymcnt=\count127
)
\c@theorem=\count128
\c@conjecture=\count129

(./MasterThesisWiskunde_FilipMoons.aux

LaTeX Warning: Label `R' multiply defined.


LaTeX Warning: Label `R' multiply defined.

)
\openout1 = `MasterThesisWiskunde_FilipMoons.aux'.

LaTeX Font Info:    Checking defaults for OML/cmm/m/it on input line 80.
LaTeX Font Info:    ... okay on input line 80.
LaTeX Font Info:    Checking defaults for T1/cmr/m/n on input line 80.
LaTeX Font Info:    ... okay on input line 80.
LaTeX Font Info:    Checking defaults for OT1/cmr/m/n on input line 80.
LaTeX Font Info:    ... okay on input line 80.
LaTeX Font Info:    Checking defaults for OMS/cmsy/m/n on input line 80.
LaTeX Font Info:    ... okay on input line 80.
LaTeX Font Info:    Checking defaults for OMX/cmex/m/n on input line 80.
LaTeX Font Info:    ... okay on input line 80.
LaTeX Font Info:    Checking defaults for U/cmr/m/n on input line 80.
LaTeX Font Info:    ... okay on input line 80.
LaTeX Font Info:    Try loading font information for OT1+lmr on input line 80.
 (/usr/local/texlive/2014/texmf-dist/tex/latex/lm/ot1lmr.fd
File: ot1lmr.fd 2009/10/30 v1.6 Font defs for Latin Modern
)
ABD: EveryShipout initializing macros
(/usr/local/texlive/2014/texmf-dist/tex/context/base/supp-pdf.mkii
[Loading MPS to PDF converter (version 2006.09.02).]
\scratchcounter=\count130
\scratchdimen=\dimen171
\scratchbox=\box39
\nofMPsegments=\count131
\nofMParguments=\count132
\everyMPshowfont=\toks39
\MPscratchCnt=\count133
\MPscratchDim=\dimen172
\MPnumerator=\count134
\makeMPintoPDFobject=\count135
\everyMPtoPDFconversion=\toks40
) (/usr/local/texlive/2014/texmf-dist/tex/generic/oberdiek/pdftexcmds.sty
Package: pdftexcmds 2011/11/29 v0.20 Utility functions of pdfTeX for LuaTeX (HO
)

(/usr/local/texlive/2014/texmf-dist/tex/generic/oberdiek/ifluatex.sty
Package: ifluatex 2010/03/01 v1.3 Provides the ifluatex switch (HO)
Package ifluatex Info: LuaTeX not detected.
)
(/usr/local/texlive/2014/texmf-dist/tex/generic/oberdiek/ifpdf.sty
Package: ifpdf 2011/01/30 v2.3 Provides the ifpdf switch (HO)
Package ifpdf Info: pdfTeX in PDF mode is detected.
)
Package pdftexcmds Info: LuaTeX not detected.
Package pdftexcmds Info: \pdf@primitive is available.
Package pdftexcmds Info: \pdf@ifprimitive is available.
Package pdftexcmds Info: \pdfdraftmode found.
)
(/usr/local/texlive/2014/texmf-dist/tex/latex/oberdiek/epstopdf-base.sty
Package: epstopdf-base 2010/02/09 v2.5 Base part for package epstopdf

(/usr/local/texlive/2014/texmf-dist/tex/latex/oberdiek/grfext.sty
Package: grfext 2010/08/19 v1.1 Manage graphics extensions (HO)

(/usr/local/texlive/2014/texmf-dist/tex/generic/oberdiek/kvdefinekeys.sty
Package: kvdefinekeys 2011/04/07 v1.3 Define keys (HO)
))
(/usr/local/texlive/2014/texmf-dist/tex/latex/oberdiek/kvoptions.sty
Package: kvoptions 2011/06/30 v3.11 Key value format for package options (HO)

(/usr/local/texlive/2014/texmf-dist/tex/generic/oberdiek/kvsetkeys.sty
Package: kvsetkeys 2012/04/25 v1.16 Key value parser (HO)

(/usr/local/texlive/2014/texmf-dist/tex/generic/oberdiek/etexcmds.sty
Package: etexcmds 2011/02/16 v1.5 Avoid name clashes with e-TeX commands (HO)
Package etexcmds Info: Could not find \expanded.
(etexcmds)             That can mean that you are not using pdfTeX 1.50 or
(etexcmds)             that some package has redefined \expanded.
(etexcmds)             In the latter case, load this package earlier.
)))
Package grfext Info: Graphics extension search list:
(grfext)             [.png,.pdf,.jpg,.mps,.jpeg,.jbig2,.jb2,.PNG,.PDF,.JPG,.JPE
G,.JBIG2,.JB2,.eps]
(grfext)             \AppendGraphicsExtensions on input line 452.

(/usr/local/texlive/2014/texmf-dist/tex/latex/latexconfig/epstopdf-sys.cfg
File: epstopdf-sys.cfg 2010/07/13 v1.3 Configuration of (r)epstopdf for TeX Liv
e
))
Package caption Info: Begin \AtBeginDocument code.
Package caption Info: End \AtBeginDocument code.

<VUB_logo.pdf, id=4, 758.835pt x 153.57375pt>
File: VUB_logo.pdf Graphic file (type pdf)
 <use VUB_logo.pdf>
Package pdftex.def Info: VUB_logo.pdf used on input line 82.
(pdftex.def)             Requested size: 214.81128pt x 43.38934pt.
LaTeX Font Info:    Try loading font information for OML+lmm on input line 82.

(/usr/local/texlive/2014/texmf-dist/tex/latex/lm/omllmm.fd
File: omllmm.fd 2009/10/30 v1.6 Font defs for Latin Modern
)
LaTeX Font Info:    Try loading font information for OMS+lmsy on input line 82.


(/usr/local/texlive/2014/texmf-dist/tex/latex/lm/omslmsy.fd
File: omslmsy.fd 2009/10/30 v1.6 Font defs for Latin Modern
)
LaTeX Font Info:    Try loading font information for OMX+lmex on input line 82.


(/usr/local/texlive/2014/texmf-dist/tex/latex/lm/omxlmex.fd
File: omxlmex.fd 2009/10/30 v1.6 Font defs for Latin Modern
)
LaTeX Font Info:    External font `lmex10' loaded for size
(Font)              <10.95> on input line 82.
LaTeX Font Info:    External font `lmex10' loaded for size
(Font)              <8> on input line 82.
LaTeX Font Info:    External font `lmex10' loaded for size
(Font)              <6> on input line 82.
LaTeX Font Info:    Try loading font information for U+rsfs on input line 82.

(/usr/local/texlive/2014/texmf-dist/tex/latex/jknapltx/ursfs.fd
File: ursfs.fd 1998/03/24 rsfs font definition file (jk)
)
LaTeX Font Info:    Try loading font information for U+msa on input line 82.

(/usr/local/texlive/2014/texmf-dist/tex/latex/amsfonts/umsa.fd
File: umsa.fd 2013/01/14 v3.01 AMS symbols A
)
LaTeX Font Info:    Try loading font information for U+msb on input line 82.

(/usr/local/texlive/2014/texmf-dist/tex/latex/amsfonts/umsb.fd
File: umsb.fd 2013/01/14 v3.01 AMS symbols B
)
Underfull \hbox (badness 10000) in paragraph at lines 82--82

 []

<VUB_schild.pdf, id=5, 260.975pt x 259.97125pt>
File: VUB_schild.pdf Graphic file (type pdf)
 <use VUB_schild.pdf>
Package pdftex.def Info: VUB_schild.pdf used on input line 82.
(pdftex.def)             Requested size: 122.34766pt x 122.34517pt.

Overfull \hbox (58.82118pt too wide) in paragraph at lines 82--82
[]|  []
 []


Underfull \hbox (badness 10000) in paragraph at lines 82--82

 []

[1

{/usr/local/texlive/2014/texmf-var/fonts/map/pdftex/updmap/pdftex.map} <./VUB_l
ogo.pdf> <./VUB_schild.pdf>] (./MasterThesisWiskunde_FilipMoons.toc)
\tf@toc=\write4
\openout4 = `MasterThesisWiskunde_FilipMoons.toc'.

 [1

]
Chapter 1.
[2

]
./MasterThesisWiskunde_FilipMoons.tex:164: Undefined control sequence.
l.164 ...ve} if $A \geq 0$, with $0$ the $n\timesr
                                                  $-null matrix.
The control sequence at the end of the top line
of your error message was never \def'ed. If you have
misspelled it (e.g., `\hobx'), type `I' and the correct
spelling (e.g., `I\hbox'). Otherwise just continue,
and I'll forget about whatever was undefined.

./MasterThesisWiskunde_FilipMoons.tex:166: Undefined control sequence.
l.166 ...itive} if $A > 0$, with $0$ the $n\timesr
                                                  $-null matrix.
The control sequence at the end of the top line
of your error message was never \def'ed. If you have
misspelled it (e.g., `\hobx'), type `I' and the correct
spelling (e.g., `I\hbox'). Otherwise just continue,
and I'll forget about whatever was undefined.

[3] [4]

Package amsmath Warning: Foreign command \atopwithdelims;
(amsmath)                \frac or \genfrac should be used instead
(amsmath)                 on input line 253.

./MasterThesisWiskunde_FilipMoons.tex:294: Missing $ inserted.
<inserted text> 
                $
l.294 c_
        1  \\
I've inserted a begin-math/end-math symbol since I think
you left one out. Proceed, with fingers crossed.

./MasterThesisWiskunde_FilipMoons.tex:294: Extra }, or forgotten $.
<template> \unskip \hfil }
                          \hskip \tabcolsep \endtemplate 
l.294 c_1  \\
             
I've deleted a group-closing symbol because it seems to be
spurious, as in `$x}$'. But perhaps the } is legitimate and
you forgot something else, as in `\hbox{$x}'. In such cases
the way to recover is to insert both the forgotten and the
deleted material, e.g., by typing `I$}'.

./MasterThesisWiskunde_FilipMoons.tex:294: Missing $ inserted.
<inserted text> 
                $
l.294 c_1  \\
             
I've inserted a begin-math/end-math symbol since I think
you left one out. Proceed, with fingers crossed.

./MasterThesisWiskunde_FilipMoons.tex:294: Missing } inserted.
<inserted text> 
                }
l.294 c_1  \\
             
I've inserted something that you may have forgotten.
(See the <inserted text> above.)
With luck, this will get me unwedged. But if you
really didn't forget anything, try typing `2' now; then
my insertion and my current dilemma will both disappear.

./MasterThesisWiskunde_FilipMoons.tex:296: Missing $ inserted.
<inserted text> 
                $
l.296 c_
        n\\
I've inserted a begin-math/end-math symbol since I think
you left one out. Proceed, with fingers crossed.

./MasterThesisWiskunde_FilipMoons.tex:296: Extra }, or forgotten $.
<template> \unskip \hfil }
                          \hskip \tabcolsep \endtemplate 
l.296 c_n\\
           
I've deleted a group-closing symbol because it seems to be
spurious, as in `$x}$'. But perhaps the } is legitimate and
you forgot something else, as in `\hbox{$x}'. In such cases
the way to recover is to insert both the forgotten and the
deleted material, e.g., by typing `I$}'.

./MasterThesisWiskunde_FilipMoons.tex:296: Missing $ inserted.
<inserted text> 
                $
l.296 c_n\\
           
I've inserted a begin-math/end-math symbol since I think
you left one out. Proceed, with fingers crossed.

./MasterThesisWiskunde_FilipMoons.tex:296: Missing } inserted.
<inserted text> 
                }
l.296 c_n\\
           
I've inserted something that you may have forgotten.
(See the <inserted text> above.)
With luck, this will get me unwedged. But if you
really didn't forget anything, try typing `2' now; then
my insertion and my current dilemma will both disappear.

[5]
Underfull \hbox (badness 10000) in paragraph at lines 331--334

 []


./MasterThesisWiskunde_FilipMoons.tex:335: LaTeX Error: \mathbf allowed only in
 math mode.

See the LaTeX manual or LaTeX Companion for explanation.
Type  H <return>  for immediate help.
 ...                                              
                                                  
l.335 ...bf{x}$, a vector of size $n$ with \mathbf
                                                  {0} \not = \mathbf{x} \geq...

You're in trouble here.  Try typing  <return>  to proceed.
If that doesn't work, type  X <return>  to quit.

./MasterThesisWiskunde_FilipMoons.tex:335: Missing $ inserted.
<inserted text> 
                $
l.335 ...a vector of size $n$ with \mathbf{0} \not
                                                   = \mathbf{x} \geq 0$, let
I've inserted a begin-math/end-math symbol since I think
you left one out. Proceed, with fingers crossed.

[6] [7] [8]
./MasterThesisWiskunde_FilipMoons.tex:518: Undefined control sequence.
l.518 ...rac{\mathrm{d}}{\mathrm{d}t}M(x_1,\ldotsx
                                                  _k) = M(\frac{\mathrm{d}}{...
The control sequence at the end of the top line
of your error message was never \def'ed. If you have
misspelled it (e.g., `\hobx'), type `I' and the correct
spelling (e.g., `I\hbox'). Otherwise just continue,
and I'll forget about whatever was undefined.


Overfull \hbox (21.36671pt too wide) in alignment at lines 543--562
 [][][] []
 []

[9] [10]
Underfull \hbox (badness 10000) in paragraph at lines 648--653

 []


./MasterThesisWiskunde_FilipMoons.tex:682: Package pgfkeys Error: I do not know
 the key '/tikz/main node' and I am going to ignore it. Perhaps you misspelled 
it.

See the pgfkeys package documentation for explanation.
Type  H <return>  for immediate help.
 ...                                              
                                                  
l.682   \node[main node]
                         (1) [label=above:$v_1$] {};
This error message was generated by an \errmessage
command, so I can't give any explicit help.
Pretend that you're Hercule Poirot: Examine all clues,
and deduce the truth by order and method.


./MasterThesisWiskunde_FilipMoons.tex:683: Package pgfkeys Error: I do not know
 the key '/tikz/main node' and I am going to ignore it. Perhaps you misspelled 
it.

See the pgfkeys package documentation for explanation.
Type  H <return>  for immediate help.
 ...                                              
                                                  
l.683   \node[main node]
                         (3) [label=right:$v_3$][below right of=1] {};
(That was another \errmessage.)


./MasterThesisWiskunde_FilipMoons.tex:684: Package pgfkeys Error: I do not know
 the key '/tikz/main node' and I am going to ignore it. Perhaps you misspelled 
it.

See the pgfkeys package documentation for explanation.
Type  H <return>  for immediate help.
 ...                                              
                                                  
l.684     \node[main node]
                           (2) [label=left:$v_2$][below left of=1] {};
(That was another \errmessage.)

LaTeX Font Info:    Try loading font information for OT1+lmss on input line 687
.
(/usr/local/texlive/2014/texmf-dist/tex/latex/lm/ot1lmss.fd
File: ot1lmss.fd 2009/10/30 v1.6 Font defs for Latin Modern
)

./MasterThesisWiskunde_FilipMoons.tex:693: Package tikz Error: Giving up on thi
s path. Did you forget a semicolon?.

See the tikz package documentation for explanation.
Type  H <return>  for immediate help.
 ...                                              
                                                  
l.693 \end{tikzpicture}
                       
(That was another \errmessage.)

./MasterThesisWiskunde_FilipMoons.tex:693: Undefined control sequence.
<argument> \pgf@baseline 
                         
l.693 \end{tikzpicture}
                       
The control sequence at the end of the top line
of your error message was never \def'ed. If you have
misspelled it (e.g., `\hobx'), type `I' and the correct
spelling (e.g., `I\hbox'). Otherwise just continue,
and I'll forget about whatever was undefined.

[11]

./MasterThesisWiskunde_FilipMoons.tex:712: Package pgfkeys Error: I do not know
 the key '/tikz/main node' and I am going to ignore it. Perhaps you misspelled 
it.

See the pgfkeys package documentation for explanation.
Type  H <return>  for immediate help.
 ...                                              
                                                  
l.712   \node[main node]
                         (1) [label=above:$v_1$] {};
(That was another \errmessage.)


./MasterThesisWiskunde_FilipMoons.tex:713: Package pgfkeys Error: I do not know
 the key '/tikz/main node' and I am going to ignore it. Perhaps you misspelled 
it.

See the pgfkeys package documentation for explanation.
Type  H <return>  for immediate help.
 ...                                              
                                                  
l.713   \node[main node]
                         (3) [label=right:$v_3$][below right of=1] {};
(That was another \errmessage.)


./MasterThesisWiskunde_FilipMoons.tex:714: Package pgfkeys Error: I do not know
 the key '/tikz/main node' and I am going to ignore it. Perhaps you misspelled 
it.

See the pgfkeys package documentation for explanation.
Type  H <return>  for immediate help.
 ...                                              
                                                  
l.714     \node[main node]
                           (2) [label=left:$v_2$][below left of=1] {};
(That was another \errmessage.)

LaTeX Font Info:    Try loading font information for OMS+lmr on input line 738.

(/usr/local/texlive/2014/texmf-dist/tex/latex/lm/omslmr.fd
File: omslmr.fd 2009/10/30 v1.6 Font defs for Latin Modern
)
LaTeX Font Info:    Font shape `OMS/lmr/m/it' in size <10.95> not available
(Font)              Font shape `OMS/lmsy/m/n' tried instead on input line 738.
 [12]
./MasterThesisWiskunde_FilipMoons.tex:832: Missing $ inserted.
<inserted text> 
                $
l.832 
      
I've inserted a begin-math/end-math symbol since I think
you left one out. Proceed, with fingers crossed.

./MasterThesisWiskunde_FilipMoons.tex:832: Missing } inserted.
<inserted text> 
                }
l.832 
      
I've inserted something that you may have forgotten.
(See the <inserted text> above.)
With luck, this will get me unwedged. But if you
really didn't forget anything, try typing `2' now; then
my insertion and my current dilemma will both disappear.

./MasterThesisWiskunde_FilipMoons.tex:832: Display math should end with $$.
<to be read again> 
                   \@@par 
l.832 
      
The `$' that I just saw supposedly matches a previous `$$'.
So I shall assume that you typed `$$' both times.

./MasterThesisWiskunde_FilipMoons.tex:832: Extra }, or forgotten \endgroup.
\par ...m \@noitemerr {\@@par }\fi \else {\@@par }
                                                  \fi 
l.832 
      
I've deleted a group-closing symbol because it seems to be
spurious, as in `$x}$'. But perhaps the } is legitimate and
you forgot something else, as in `\hbox{$x}'. In such cases
the way to recover is to insert both the forgotten and the
deleted material, e.g., by typing `I$}'.

[13]
Underfull \hbox (badness 10000) in paragraph at lines 888--890

 []


./MasterThesisWiskunde_FilipMoons.tex:897: Package pgfkeys Error: I do not know
 the key '/tikz/main node' and I am going to ignore it. Perhaps you misspelled 
it.

See the pgfkeys package documentation for explanation.
Type  H <return>  for immediate help.
 ...                                              
                                                  
l.897   \node[main node]
                         (1) [label=left:$v_1$] {};
(That was another \errmessage.)


./MasterThesisWiskunde_FilipMoons.tex:898: Package pgfkeys Error: I do not know
 the key '/tikz/main node' and I am going to ignore it. Perhaps you misspelled 
it.

See the pgfkeys package documentation for explanation.
Type  H <return>  for immediate help.
 ...                                              
                                                  
l.898   \node[main node]
                         (3) [label=right:$v_3$][right of=1] {};
(That was another \errmessage.)


./MasterThesisWiskunde_FilipMoons.tex:899: Package pgfkeys Error: I do not know
 the key '/tikz/main node' and I am going to ignore it. Perhaps you misspelled 
it.

See the pgfkeys package documentation for explanation.
Type  H <return>  for immediate help.
 ...                                              
                                                  
l.899     \node[main node]
                           (2) [label=right:$v_2$][below of=3] {};
(That was another \errmessage.)


./MasterThesisWiskunde_FilipMoons.tex:900: Package pgfkeys Error: I do not know
 the key '/tikz/main node' and I am going to ignore it. Perhaps you misspelled 
it.

See the pgfkeys package documentation for explanation.
Type  H <return>  for immediate help.
 ...                                              
                                                  
l.900   \node[main node]
                         (4) [label=left:$v_4$][below of=1] {};
(That was another \errmessage.)


./MasterThesisWiskunde_FilipMoons.tex:918: Package tikz Error: Giving up on thi
s path. Did you forget a semicolon?.

See the tikz package documentation for explanation.
Type  H <return>  for immediate help.
 ...                                              
                                                  
l.918 \end{tikzpicture}
                       
(That was another \errmessage.)

[14] [15] [16]
Chapter 2.

Underfull \hbox (badness 10000) in paragraph at lines 990--1003

 []

[17

]
LaTeX Font Info:    External font `lmex10' loaded for size
(Font)              <9> on input line 1041.
LaTeX Font Info:    External font `lmex10' loaded for size
(Font)              <5> on input line 1041.

Underfull \hbox (badness 10000) in paragraph at lines 1054--1064

 []

[18]

./MasterThesisWiskunde_FilipMoons.tex:1089: Package pgfkeys Error: I do not kno
w the key '/tikz/main node' and I am going to ignore it. Perhaps you misspelled
 it.

See the pgfkeys package documentation for explanation.
Type  H <return>  for immediate help.
 ...                                              
                                                  
l.1089   \node[main node]
                          (1) [label=left:\emph{hub}] {};
(That was another \errmessage.)


./MasterThesisWiskunde_FilipMoons.tex:1090: Package pgfkeys Error: I do not kno
w the key '/tikz/main node' and I am going to ignore it. Perhaps you misspelled
 it.

See the pgfkeys package documentation for explanation.
Type  H <return>  for immediate help.
 ...                                              
                                                  
l.1090   \node[main node]
                          (3) [label=right:\emph{authority}][right of=1] {};
(That was another \errmessage.)


./MasterThesisWiskunde_FilipMoons.tex:1097: Package tikz Error: Giving up on th
is path. Did you forget a semicolon?.

See the tikz package documentation for explanation.
Type  H <return>  for immediate help.
 ...                                              
                                                  
l.1097 \end{tikzpicture}
                        
(That was another \errmessage.)


./MasterThesisWiskunde_FilipMoons.tex:1112: Package pgfkeys Error: I do not kno
w the key '/tikz/main node' and I am going to ignore it. Perhaps you misspelled
 it.

See the pgfkeys package documentation for explanation.
Type  H <return>  for immediate help.
 ...                                              
                                                  
l.1112   \node[main node]
                          (1) [label=above:$v_1$] {};
(That was another \errmessage.)


./MasterThesisWiskunde_FilipMoons.tex:1113: Package pgfkeys Error: I do not kno
w the key '/tikz/main node' and I am going to ignore it. Perhaps you misspelled
 it.

See the pgfkeys package documentation for explanation.
Type  H <return>  for immediate help.
 ...                                              
                                                  
l.1113   \node[main node]
                          (2) [label=above:$v_2$][right of=1] {};
(That was another \errmessage.)


./MasterThesisWiskunde_FilipMoons.tex:1114: Package pgfkeys Error: I do not kno
w the key '/tikz/main node' and I am going to ignore it. Perhaps you misspelled
 it.

See the pgfkeys package documentation for explanation.
Type  H <return>  for immediate help.
 ...                                              
                                                  
l.1114   \node[main node]
                          (3) [label=above:$v_3$][right of=2] {};;
(That was another \errmessage.)

Missing character: There is no ; in font nullfont!

./MasterThesisWiskunde_FilipMoons.tex:1121: Package tikz Error: Giving up on th
is path. Did you forget a semicolon?.

See the tikz package documentation for explanation.
Type  H <return>  for immediate help.
 ...                                              
                                                  
l.1121 \end{tikzpicture}
                        
(That was another \errmessage.)

[19]

./MasterThesisWiskunde_FilipMoons.tex:1166: Package pgfkeys Error: I do not kno
w the key '/tikz/main node' and I am going to ignore it. Perhaps you misspelled
 it.

See the pgfkeys package documentation for explanation.
Type  H <return>  for immediate help.
 ...                                              
                                                  
l.1166   \node[main node]
                          (1) [label=above:$v_1$] {};
(That was another \errmessage.)


./MasterThesisWiskunde_FilipMoons.tex:1167: Package pgfkeys Error: I do not kno
w the key '/tikz/main node' and I am going to ignore it. Perhaps you misspelled
 it.

See the pgfkeys package documentation for explanation.
Type  H <return>  for immediate help.
 ...                                              
                                                  
l.1167   \node[main node]
                          (2) [label=above:$v_2$][right of=1] {};
(That was another \errmessage.)


./MasterThesisWiskunde_FilipMoons.tex:1168: Package pgfkeys Error: I do not kno
w the key '/tikz/main node' and I am going to ignore it. Perhaps you misspelled
 it.

See the pgfkeys package documentation for explanation.
Type  H <return>  for immediate help.
 ...                                              
                                                  
l.1168   \node[main node]
                          (3) [label=above:$v_3$][right of=2] {};;
(That was another \errmessage.)

Missing character: There is no ; in font nullfont!

./MasterThesisWiskunde_FilipMoons.tex:1175: Package tikz Error: Giving up on th
is path. Did you forget a semicolon?.

See the tikz package documentation for explanation.
Type  H <return>  for immediate help.
 ...                                              
                                                  
l.1175 \end{tikzpicture}
                        
(That was another \errmessage.)


./MasterThesisWiskunde_FilipMoons.tex:1184: Package pgfkeys Error: I do not kno
w the key '/tikz/main node' and I am going to ignore it. Perhaps you misspelled
 it.

See the pgfkeys package documentation for explanation.
Type  H <return>  for immediate help.
 ...                                              
                                                  
l.1184  \node[main node]
                         (1) [label=above:$w_1$] {};
(That was another \errmessage.)


./MasterThesisWiskunde_FilipMoons.tex:1186: Package pgfkeys Error: I do not kno
w the key '/tikz/main node' and I am going to ignore it. Perhaps you misspelled
 it.

See the pgfkeys package documentation for explanation.
Type  H <return>  for immediate help.
 ...                                              
                                                  
l.1186   \node[main node]
                          (2) [label=left:$w_2$] [below left of =1; left of=...
(That was another \errmessage.)


./MasterThesisWiskunde_FilipMoons.tex:1186: Package pgf Error: No shape named 1
; left of is known.

See the pgf package documentation for explanation.
Type  H <return>  for immediate help.
 ...                                              
                                                  
l.1186 ...:$w_2$] [below left of =1; left of=3]{};
                                                  
(That was another \errmessage.)


./MasterThesisWiskunde_FilipMoons.tex:1187: Package pgfkeys Error: I do not kno
w the key '/tikz/main node' and I am going to ignore it. Perhaps you misspelled
 it.

See the pgfkeys package documentation for explanation.
Type  H <return>  for immediate help.
 ...                                              
                                                  
l.1187   \node[main node]
                          (3) [label=right:$w_3$][below right of=1;] {};
(That was another \errmessage.)


./MasterThesisWiskunde_FilipMoons.tex:1187: Package pgf Error: No shape named 1
; is known.

See the pgf package documentation for explanation.
Type  H <return>  for immediate help.
 ...                                              
                                                  
l.1187 ...abel=right:$w_3$][below right of=1;] {};
                                                  
(That was another \errmessage.)


./MasterThesisWiskunde_FilipMoons.tex:1188: Package pgfkeys Error: I do not kno
w the key '/tikz/main node' and I am going to ignore it. Perhaps you misspelled
 it.

See the pgfkeys package documentation for explanation.
Type  H <return>  for immediate help.
 ...                                              
                                                  
l.1188     \node[main node]
                            (4) [label=left:$w_4$][below of=2] {};
(That was another \errmessage.)


./MasterThesisWiskunde_FilipMoons.tex:1189: Package pgfkeys Error: I do not kno
w the key '/tikz/main node' and I am going to ignore it. Perhaps you misspelled
 it.

See the pgfkeys package documentation for explanation.
Type  H <return>  for immediate help.
 ...                                              
                                                  
l.1189   \node[main node]
                          (5) [label=right:$w_5$][below of=3] {};
(That was another \errmessage.)


./MasterThesisWiskunde_FilipMoons.tex:1200: Package tikz Error: Giving up on th
is path. Did you forget a semicolon?.

See the tikz package documentation for explanation.
Type  H <return>  for immediate help.
 ...                                              
                                                  
l.1200 \end{tikzpicture}
                        
(That was another \errmessage.)

[20]

./MasterThesisWiskunde_FilipMoons.tex:1254: Package pgfkeys Error: I do not kno
w the key '/tikz/main node' and I am going to ignore it. Perhaps you misspelled
 it.

See the pgfkeys package documentation for explanation.
Type  H <return>  for immediate help.
 ...                                              
                                                  
l.1254   \node[main node]
                          (2) [label=left:$v_2$] {};
(That was another \errmessage.)


./MasterThesisWiskunde_FilipMoons.tex:1258: Package pgfkeys Error: I do not kno
w the key '/tikz/main node' and I am going to ignore it. Perhaps you misspelled
 it.

See the pgfkeys package documentation for explanation.
Type  H <return>  for immediate help.
 ...                                              
                                                  
l.1258   \node[main node]
                          (1) [label=above:$v_1$][above right of=2] {};
(That was another \errmessage.)


./MasterThesisWiskunde_FilipMoons.tex:1259: Package pgfkeys Error: I do not kno
w the key '/tikz/main node' and I am going to ignore it. Perhaps you misspelled
 it.

See the pgfkeys package documentation for explanation.
Type  H <return>  for immediate help.
 ...                                              
                                                  
l.1259       \node[main node]
                              (3) [label=below:$v_3$][below right of = 2] {};
(That was another \errmessage.)


./MasterThesisWiskunde_FilipMoons.tex:1260: Package pgfkeys Error: I do not kno
w the key '/tikz/main node' and I am going to ignore it. Perhaps you misspelled
 it.

See the pgfkeys package documentation for explanation.
Type  H <return>  for immediate help.
 ...                                              
                                                  
l.1260     \node[main node]
                            (4) [label=right:$v_4$][below right of=1] {};
(That was another \errmessage.)


./MasterThesisWiskunde_FilipMoons.tex:1271: Package tikz Error: Giving up on th
is path. Did you forget a semicolon?.

See the tikz package documentation for explanation.
Type  H <return>  for immediate help.
 ...                                              
                                                  
l.1271 \end{tikzpicture}
                        
(That was another \errmessage.)


./MasterThesisWiskunde_FilipMoons.tex:1279: Package pgfkeys Error: I do not kno
w the key '/tikz/main node' and I am going to ignore it. Perhaps you misspelled
 it.

See the pgfkeys package documentation for explanation.
Type  H <return>  for immediate help.
 ...                                              
                                                  
l.1279   \node[main node]
                          (6) [label=above left:$v'_6$] {};
(That was another \errmessage.)


./MasterThesisWiskunde_FilipMoons.tex:1280: Package pgfkeys Error: I do not kno
w the key '/tikz/main node' and I am going to ignore it. Perhaps you misspelled
 it.

See the pgfkeys package documentation for explanation.
Type  H <return>  for immediate help.
 ...                                              
                                                  
l.1280    \node[main node]
                           (1) [label=above:$v'_1$][above of=6] {};
(That was another \errmessage.)


./MasterThesisWiskunde_FilipMoons.tex:1281: Package pgfkeys Error: I do not kno
w the key '/tikz/main node' and I am going to ignore it. Perhaps you misspelled
 it.

See the pgfkeys package documentation for explanation.
Type  H <return>  for immediate help.
 ...                                              
                                                  
l.1281    \node[main node]
                           (2) [label=below:$v'_2$][below of=6] {};
(That was another \errmessage.)


./MasterThesisWiskunde_FilipMoons.tex:1282: Package pgfkeys Error: I do not kno
w the key '/tikz/main node' and I am going to ignore it. Perhaps you misspelled
 it.

See the pgfkeys package documentation for explanation.
Type  H <return>  for immediate help.
 ...                                              
                                                  
l.1282    \node[main node]
                           (4) [label=left:$v'_4$][left of=6] {};
(That was another \errmessage.)


./MasterThesisWiskunde_FilipMoons.tex:1283: Package pgfkeys Error: I do not kno
w the key '/tikz/main node' and I am going to ignore it. Perhaps you misspelled
 it.

See the pgfkeys package documentation for explanation.
Type  H <return>  for immediate help.
 ...                                              
                                                  
l.1283    \node[main node]
                           (3) [label=right:$v'_3$][right of=6] {};
(That was another \errmessage.)


./MasterThesisWiskunde_FilipMoons.tex:1284: Package pgfkeys Error: I do not kno
w the key '/tikz/main node' and I am going to ignore it. Perhaps you misspelled
 it.

See the pgfkeys package documentation for explanation.
Type  H <return>  for immediate help.
 ...                                              
                                                  
l.1284    \node[main node]
                           (5) [label=below:$v'_3$][below of=3] {};
(That was another \errmessage.)


./MasterThesisWiskunde_FilipMoons.tex:1297: Package tikz Error: Giving up on th
is path. Did you forget a semicolon?.

See the tikz package documentation for explanation.
Type  H <return>  for immediate help.
 ...                                              
                                                  
l.1297 \end{tikzpicture}
                        
(That was another \errmessage.)

[21]
LaTeX Font Info:    External font `lmex10' loaded for size
(Font)              <12> on input line 1314.
 [22] [23] [24

]

./MasterThesisWiskunde_FilipMoons.tex:1393: LaTeX Error: \begin{thebibliography
} on input line 1373 ended by \end{document}.

See the LaTeX manual or LaTeX Companion for explanation.
Type  H <return>  for immediate help.
 ...                                              
                                                  
l.1393 \end{document}
                     
Your command was ignored.
Type  I <command> <return>  to replace it with another command,
or  <return>  to continue without it.

(./MasterThesisWiskunde_FilipMoons.aux)

LaTeX Warning: There were multiply-defined labels.

 )
(\end occurred inside a group at level 1)

### semi simple group (level 1) entered at line 1373 (\begingroup)
### bottom level 
Here is how much of TeX's memory you used:
 14962 strings out of 493117
 292943 string characters out of 6135434
 330359 words of memory out of 5000000
 18077 multiletter control sequences out of 15000+600000
 95789 words of font info for 73 fonts, out of 8000000 for 9000
 1141 hyphenation exceptions out of 8191
 55i,16n,68p,431b,926s stack positions out of 5000i,500n,10000p,200000b,80000s
{/usr/local/texlive/2014/texmf-dist/fonts/enc/dvips/lm/lm-rm.en
c}{/usr/local/texlive/2014/texmf-dist/fonts/enc/dvips/lm/lm-mathit.enc}{/usr/lo
cal/texlive/2014/texmf-dist/fonts/enc/dvips/lm/lm-mathsy.enc}{/usr/local/texliv
e/2014/texmf-dist/fonts/enc/dvips/lm/lm-mathex.enc}</usr/local/texlive/2014/tex
mf-dist/fonts/type1/public/lm/lmbx10.pfb></usr/local/texlive/2014/texmf-dist/fo
nts/type1/public/lm/lmbx12.pfb></usr/local/texlive/2014/texmf-dist/fonts/type1/
public/lm/lmbx8.pfb></usr/local/texlive/2014/texmf-dist/fonts/type1/public/lm/l
mbx9.pfb></usr/local/texlive/2014/texmf-dist/fonts/type1/public/lm/lmbxi10.pfb>
</usr/local/texlive/2014/texmf-dist/fonts/type1/public/lm/lmex10.pfb></usr/loca
l/texlive/2014/texmf-dist/fonts/type1/public/lm/lmmi10.pfb></usr/local/texlive/
2014/texmf-dist/fonts/type1/public/lm/lmmi12.pfb></usr/local/texlive/2014/texmf
-dist/fonts/type1/public/lm/lmmi6.pfb></usr/local/texlive/2014/texmf-dist/fonts
/type1/public/lm/lmmi8.pfb></usr/local/texlive/2014/texmf-dist/fonts/type1/publ
ic/lm/lmmi9.pfb></usr/local/texlive/2014/texmf-dist/fonts/type1/public/lm/lmr10
.pfb></usr/local/texlive/2014/texmf-dist/fonts/type1/public/lm/lmr17.pfb></usr/
local/texlive/2014/texmf-dist/fonts/type1/public/lm/lmr6.pfb></usr/local/texliv
e/2014/texmf-dist/fonts/type1/public/lm/lmr8.pfb></usr/local/texlive/2014/texmf
-dist/fonts/type1/public/lm/lmr9.pfb></usr/local/texlive/2014/texmf-dist/fonts/
type1/public/lm/lmri10.pfb></usr/local/texlive/2014/texmf-dist/fonts/type1/publ
ic/lm/lmri8.pfb></usr/local/texlive/2014/texmf-dist/fonts/type1/public/lm/lmro1
0.pfb></usr/local/texlive/2014/texmf-dist/fonts/type1/public/lm/lmsy10.pfb></us
r/local/texlive/2014/texmf-dist/fonts/type1/public/lm/lmsy6.pfb></usr/local/tex
live/2014/texmf-dist/fonts/type1/public/lm/lmsy8.pfb></usr/local/texlive/2014/t
exmf-dist/fonts/type1/public/lm/lmsy9.pfb></usr/local/texlive/2014/texmf-dist/f
onts/type1/public/amsfonts/symbols/msbm10.pfb></usr/local/texlive/2014/texmf-di
st/fonts/type1/public/rsfs/rsfs10.pfb>
Output written on ./MasterThesisWiskunde_FilipMoons.pdf (25 pages, 452853 bytes
).
PDF statistics:
 199 PDF objects out of 1000 (max. 8388607)
 143 compressed objects within 2 object streams
 0 named destinations out of 1000 (max. 500000)
 23 words of extra memory for PDF output out of 10000 (max. 10000000)

